d:\notebook\neko\windows-driver-samples-master\windows-driver-samples-master\filesys\minifilter\app\x64\debug\vc142.pdb
d:\notebook\neko\windows-driver-samples-master\windows-driver-samples-master\filesys\minifilter\app\x64\debug\passthrough.obj
d:\notebook\neko\windows-driver-samples-master\windows-driver-samples-master\filesys\minifilter\app\x64\debug\aes.obj
d:\notebook\neko\windows-driver-samples-master\windows-driver-samples-master\filesys\minifilter\app\x64\debug\passthrough\passthrough.cat
d:\notebook\neko\windows-driver-samples-master\windows-driver-samples-master\filesys\minifilter\app\x64\debug\passthrough.sys
d:\notebook\neko\windows-driver-samples-master\windows-driver-samples-master\filesys\minifilter\app\x64\debug\passthrough.pdb
d:\notebook\neko\windows-driver-samples-master\windows-driver-samples-master\filesys\minifilter\app\x64\debug\passthrough.res
d:\notebook\neko\windows-driver-samples-master\windows-driver-samples-master\filesys\minifilter\app\x64\debug\passthrough.inf
d:\notebook\neko\windows-driver-samples-master\windows-driver-samples-master\filesys\minifilter\app\x64\debug\passthrough.tlog\cl.command.1.tlog
d:\notebook\neko\windows-driver-samples-master\windows-driver-samples-master\filesys\minifilter\app\x64\debug\passthrough.tlog\cl.read.1.tlog
d:\notebook\neko\windows-driver-samples-master\windows-driver-samples-master\filesys\minifilter\app\x64\debug\passthrough.tlog\cl.write.1.tlog
d:\notebook\neko\windows-driver-samples-master\windows-driver-samples-master\filesys\minifilter\app\x64\debug\passthrough.tlog\inf2cat-expand.16356.read.1.tlog
d:\notebook\neko\windows-driver-samples-master\windows-driver-samples-master\filesys\minifilter\app\x64\debug\passthrough.tlog\inf2cat-expand.16356.write.1.tlog
d:\notebook\neko\windows-driver-samples-master\windows-driver-samples-master\filesys\minifilter\app\x64\debug\passthrough.tlog\inf2cat-expand.read.1.tlog
d:\notebook\neko\windows-driver-samples-master\windows-driver-samples-master\filesys\minifilter\app\x64\debug\passthrough.tlog\inf2cat-expand.write.1.tlog
d:\notebook\neko\windows-driver-samples-master\windows-driver-samples-master\filesys\minifilter\app\x64\debug\passthrough.tlog\inf2cat.command.1.tlog
d:\notebook\neko\windows-driver-samples-master\windows-driver-samples-master\filesys\minifilter\app\x64\debug\passthrough.tlog\inf2cat.read.1.tlog
d:\notebook\neko\windows-driver-samples-master\windows-driver-samples-master\filesys\minifilter\app\x64\debug\passthrough.tlog\inf2cat.read.9.tlog
d:\notebook\neko\windows-driver-samples-master\windows-driver-samples-master\filesys\minifilter\app\x64\debug\passthrough.tlog\inf2cat.write.1.tlog
d:\notebook\neko\windows-driver-samples-master\windows-driver-samples-master\filesys\minifilter\app\x64\debug\passthrough.tlog\inf2cat.write.9.tlog
d:\notebook\neko\windows-driver-samples-master\windows-driver-samples-master\filesys\minifilter\app\x64\debug\passthrough.tlog\link.command.1.tlog
d:\notebook\neko\windows-driver-samples-master\windows-driver-samples-master\filesys\minifilter\app\x64\debug\passthrough.tlog\link.read.1.tlog
d:\notebook\neko\windows-driver-samples-master\windows-driver-samples-master\filesys\minifilter\app\x64\debug\passthrough.tlog\link.write.1.tlog
d:\notebook\neko\windows-driver-samples-master\windows-driver-samples-master\filesys\minifilter\app\x64\debug\passthrough.tlog\rc.command.1.tlog
d:\notebook\neko\windows-driver-samples-master\windows-driver-samples-master\filesys\minifilter\app\x64\debug\passthrough.tlog\rc.read.1.tlog
d:\notebook\neko\windows-driver-samples-master\windows-driver-samples-master\filesys\minifilter\app\x64\debug\passthrough.tlog\rc.write.1.tlog
d:\notebook\neko\windows-driver-samples-master\windows-driver-samples-master\filesys\minifilter\app\x64\debug\passthrough.tlog\signtool.command.1.tlog
d:\notebook\neko\windows-driver-samples-master\windows-driver-samples-master\filesys\minifilter\app\x64\debug\passthrough.tlog\signtool.read.1.tlog
d:\notebook\neko\windows-driver-samples-master\windows-driver-samples-master\filesys\minifilter\app\x64\debug\passthrough.tlog\signtool.timestamp.1.tlog
d:\notebook\neko\windows-driver-samples-master\windows-driver-samples-master\filesys\minifilter\app\x64\debug\passthrough.tlog\signtool.write.1.tlog
d:\notebook\neko\windows-driver-samples-master\windows-driver-samples-master\filesys\minifilter\app\x64\debug\passthrough.tlog\stampinf.command.1.tlog
d:\notebook\neko\windows-driver-samples-master\windows-driver-samples-master\filesys\minifilter\app\x64\debug\passthrough.tlog\stampinf.read.1.tlog
d:\notebook\neko\windows-driver-samples-master\windows-driver-samples-master\filesys\minifilter\app\x64\debug\passthrough.tlog\stampinf.write.1.tlog
